<?xml version="1.0" encoding="UTF-8"?>
<testng-results ignored="0" total="2" passed="2" failed="0" skipped="0">
  <reporter-output>
  </reporter-output>
  <suite started-at="2026-01-28T10:20:52 GST" name="Default suite" finished-at="2026-01-28T10:22:29 GST" duration-ms="97081">
    <groups>
    </groups>
    <test started-at="2026-01-28T10:20:52 GST" name="Default test" finished-at="2026-01-28T10:22:29 GST" duration-ms="97081">
      <class name="com.tests.Local_Transfer_TestSuite">
        <test-method is-config="true" signature="setUp(java.lang.reflect.Method)[pri:0, instance:com.tests.Local_Transfer_TestSuite@50f6ac94]" started-at="2026-01-28T10:20:52 GST" name="setUp" finished-at="2026-01-28T10:21:08 GST" duration-ms="15988" status="PASS">
          <params>
            <param index="0">
              <value>
                <![CDATA[public void com.tests.Local_Transfer_TestSuite.verifyTransferBug(java.lang.String,java.lang.String,java.lang.String,java.lang.String,java.lang.String) throws java.lang.InterruptedException]]>
              </value>
            </param>
          </params>
          <reporter-output>
          </reporter-output>
        </test-method> <!-- setUp -->
        <test-method signature="verifyTransferBug(java.lang.String,java.lang.String,java.lang.String,java.lang.String,java.lang.String)[pri:0, instance:com.tests.Local_Transfer_TestSuite@50f6ac94]" started-at="2026-01-28T10:21:08 GST" name="verifyTransferBug" data-provider="transferData" finished-at="2026-01-28T10:21:27 GST" duration-ms="18809" status="PASS">
          <params>
            <param index="0">
              <value>
                <![CDATA[khaled@1]]>
              </value>
            </param>
            <param index="1">
              <value>
                <![CDATA[Kony@1357]]>
              </value>
            </param>
            <param index="2">
              <value>
                <![CDATA[1674]]>
              </value>
            </param>
            <param index="3">
              <value>
                <![CDATA[6801]]>
              </value>
            </param>
            <param index="4">
              <value>
                <![CDATA[100]]>
              </value>
            </param>
          </params>
          <reporter-output>
          </reporter-output>
        </test-method> <!-- verifyTransferBug -->
        <test-method is-config="true" signature="tearDown(org.testng.ITestResult)[pri:0, instance:com.tests.Local_Transfer_TestSuite@50f6ac94]" started-at="2026-01-28T10:21:27 GST" name="tearDown" finished-at="2026-01-28T10:21:27 GST" duration-ms="533" status="PASS">
          <params>
            <param index="0">
              <value>
                <![CDATA[[TestResult name=verifyTransferBug status=SUCCESS method=Local_Transfer_TestSuite.verifyTransferBug(java.lang.String,java.lang.String,java.lang.String,java.lang.String,java.lang.String)[pri:0, instance:com.tests.Local_Transfer_TestSuite@50f6ac94] output={null}]]]>
              </value>
            </param>
          </params>
          <reporter-output>
          </reporter-output>
        </test-method> <!-- tearDown -->
        <test-method is-config="true" signature="setUp(java.lang.reflect.Method)[pri:0, instance:com.tests.Local_Transfer_TestSuite@50f6ac94]" started-at="2026-01-28T10:21:27 GST" name="setUp" finished-at="2026-01-28T10:22:06 GST" duration-ms="38813" status="PASS">
          <params>
            <param index="0">
              <value>
                <![CDATA[public void com.tests.Local_Transfer_TestSuite.verifyTransferBug(java.lang.String,java.lang.String,java.lang.String,java.lang.String,java.lang.String) throws java.lang.InterruptedException]]>
              </value>
            </param>
          </params>
          <reporter-output>
          </reporter-output>
        </test-method> <!-- setUp -->
        <test-method signature="verifyTransferBug(java.lang.String,java.lang.String,java.lang.String,java.lang.String,java.lang.String)[pri:0, instance:com.tests.Local_Transfer_TestSuite@50f6ac94]" started-at="2026-01-28T10:22:06 GST" name="verifyTransferBug" data-provider="transferData" finished-at="2026-01-28T10:22:29 GST" duration-ms="22821" status="PASS">
          <params>
            <param index="0">
              <value>
                <![CDATA[khaled@1]]>
              </value>
            </param>
            <param index="1">
              <value>
                <![CDATA[Kony@1357]]>
              </value>
            </param>
            <param index="2">
              <value>
                <![CDATA[1674]]>
              </value>
            </param>
            <param index="3">
              <value>
                <![CDATA[6801]]>
              </value>
            </param>
            <param index="4">
              <value>
                <![CDATA[500]]>
              </value>
            </param>
          </params>
          <reporter-output>
          </reporter-output>
        </test-method> <!-- verifyTransferBug -->
        <test-method is-config="true" signature="tearDown(org.testng.ITestResult)[pri:0, instance:com.tests.Local_Transfer_TestSuite@50f6ac94]" started-at="2026-01-28T10:22:29 GST" name="tearDown" finished-at="2026-01-28T10:22:29 GST" duration-ms="67" status="PASS">
          <params>
            <param index="0">
              <value>
                <![CDATA[[TestResult name=verifyTransferBug status=SUCCESS method=Local_Transfer_TestSuite.verifyTransferBug(java.lang.String,java.lang.String,java.lang.String,java.lang.String,java.lang.String)[pri:0, instance:com.tests.Local_Transfer_TestSuite@50f6ac94] output={null}]]]>
              </value>
            </param>
          </params>
          <reporter-output>
          </reporter-output>
        </test-method> <!-- tearDown -->
      </class> <!-- com.tests.Local_Transfer_TestSuite -->
    </test> <!-- Default test -->
  </suite> <!-- Default suite -->
</testng-results>
