<?xml version="1.0" encoding="UTF-8"?>
<testng-results ignored="0" total="2" passed="2" failed="0" skipped="0">
  <reporter-output>
  </reporter-output>
  <suite started-at="2026-02-17T11:05:10 GST" name="Default suite" finished-at="2026-02-17T11:07:02 GST" duration-ms="112183">
    <groups>
    </groups>
    <test started-at="2026-02-17T11:05:10 GST" name="Default test" finished-at="2026-02-17T11:07:02 GST" duration-ms="112183">
      <class name="com.tests.Local_Transfer_TestSuite">
        <test-method is-config="true" signature="setUp(java.lang.reflect.Method)[pri:0, instance:com.tests.Local_Transfer_TestSuite@50f6ac94]" started-at="2026-02-17T11:05:10 GST" name="setUp" finished-at="2026-02-17T11:05:44 GST" duration-ms="34356" status="PASS">
          <params>
            <param index="0">
              <value>
                <![CDATA[public void com.tests.Local_Transfer_TestSuite.verifyTransferBug(java.lang.String,java.lang.String,java.lang.String,java.lang.String,java.lang.String,java.lang.String) throws java.lang.InterruptedException]]>
              </value>
            </param>
          </params>
          <reporter-output>
          </reporter-output>
        </test-method> <!-- setUp -->
        <test-method signature="verifyTransferBug(java.lang.String,java.lang.String,java.lang.String,java.lang.String,java.lang.String,java.lang.String)[pri:0, instance:com.tests.Local_Transfer_TestSuite@50f6ac94]" started-at="2026-02-17T11:05:44 GST" name="verifyTransferBug" data-provider="transferData" finished-at="2026-02-17T11:06:20 GST" duration-ms="35939" status="PASS">
          <params>
            <param index="0">
              <value>
                <![CDATA[khaled@4]]>
              </value>
            </param>
            <param index="1">
              <value>
                <![CDATA[Kony@2026]]>
              </value>
            </param>
            <param index="2">
              <value>
                <![CDATA[8134]]>
              </value>
            </param>
            <param index="3">
              <value>
                <![CDATA[4051]]>
              </value>
            </param>
            <param index="4">
              <value>
                <![CDATA[500]]>
              </value>
            </param>
            <param index="5">
              <value>
                <![CDATA[111111]]>
              </value>
            </param>
          </params>
          <reporter-output>
          </reporter-output>
        </test-method> <!-- verifyTransferBug -->
        <test-method is-config="true" signature="tearDown(org.testng.ITestResult)[pri:0, instance:com.tests.Local_Transfer_TestSuite@50f6ac94]" started-at="2026-02-17T11:06:20 GST" name="tearDown" finished-at="2026-02-17T11:06:20 GST" duration-ms="534" status="PASS">
          <params>
            <param index="0">
              <value>
                <![CDATA[[TestResult name=verifyTransferBug status=SUCCESS method=Local_Transfer_TestSuite.verifyTransferBug(java.lang.String,java.lang.String,java.lang.String,java.lang.String,java.lang.String,java.lang.String)[pri:0, instance:com.tests.Local_Transfer_TestSuite@50f6ac94] output={null}]]]>
              </value>
            </param>
          </params>
          <reporter-output>
          </reporter-output>
        </test-method> <!-- tearDown -->
        <test-method is-config="true" signature="setUp(java.lang.reflect.Method)[pri:0, instance:com.tests.Local_Transfer_TestSuite@50f6ac94]" started-at="2026-02-17T11:06:20 GST" name="setUp" finished-at="2026-02-17T11:06:35 GST" duration-ms="14718" status="PASS">
          <params>
            <param index="0">
              <value>
                <![CDATA[public void com.tests.Local_Transfer_TestSuite.verifyTransferBug(java.lang.String,java.lang.String,java.lang.String,java.lang.String,java.lang.String,java.lang.String) throws java.lang.InterruptedException]]>
              </value>
            </param>
          </params>
          <reporter-output>
          </reporter-output>
        </test-method> <!-- setUp -->
        <test-method signature="verifyTransferBug(java.lang.String,java.lang.String,java.lang.String,java.lang.String,java.lang.String,java.lang.String)[pri:0, instance:com.tests.Local_Transfer_TestSuite@50f6ac94]" started-at="2026-02-17T11:06:35 GST" name="verifyTransferBug" data-provider="transferData" finished-at="2026-02-17T11:07:02 GST" duration-ms="26552" status="PASS">
          <params>
            <param index="0">
              <value>
                <![CDATA[khaled@4]]>
              </value>
            </param>
            <param index="1">
              <value>
                <![CDATA[Kony@2026]]>
              </value>
            </param>
            <param index="2">
              <value>
                <![CDATA[8134]]>
              </value>
            </param>
            <param index="3">
              <value>
                <![CDATA[4051]]>
              </value>
            </param>
            <param index="4">
              <value>
                <![CDATA[4500]]>
              </value>
            </param>
            <param index="5">
              <value>
                <![CDATA[111111]]>
              </value>
            </param>
          </params>
          <reporter-output>
          </reporter-output>
        </test-method> <!-- verifyTransferBug -->
        <test-method is-config="true" signature="tearDown(org.testng.ITestResult)[pri:0, instance:com.tests.Local_Transfer_TestSuite@50f6ac94]" started-at="2026-02-17T11:07:02 GST" name="tearDown" finished-at="2026-02-17T11:07:02 GST" duration-ms="52" status="PASS">
          <params>
            <param index="0">
              <value>
                <![CDATA[[TestResult name=verifyTransferBug status=SUCCESS method=Local_Transfer_TestSuite.verifyTransferBug(java.lang.String,java.lang.String,java.lang.String,java.lang.String,java.lang.String,java.lang.String)[pri:0, instance:com.tests.Local_Transfer_TestSuite@50f6ac94] output={null}]]]>
              </value>
            </param>
          </params>
          <reporter-output>
          </reporter-output>
        </test-method> <!-- tearDown -->
      </class> <!-- com.tests.Local_Transfer_TestSuite -->
    </test> <!-- Default test -->
  </suite> <!-- Default suite -->
</testng-results>
