<?xml version="1.0" encoding="UTF-8"?>
<!-- Generated by org.testng.reporters.JUnitReportReporter -->
<testsuite hostname="DGTL-KHALED-OS" failures="0" tests="2" name="com.tests.Local_Transfer_TestSuite" time="97.031" errors="0" timestamp="2026-01-28T10:22:29 GST" skipped="0">
  <testcase classname="com.tests.Local_Transfer_TestSuite" name="verifyTransferBug" time="61.701"/>
  <testcase classname="com.tests.Local_Transfer_TestSuite" name="verifyTransferBug" time="35.330"/>
</testsuite> <!-- com.tests.Local_Transfer_TestSuite -->
