<?xml version="1.0" encoding="UTF-8"?>
<!-- Generated by org.testng.reporters.JUnitReportReporter -->
<testsuite hostname="DGTL-KHALED-OS" failures="0" tests="2" name="com.tests.Local_Transfer_TestSuite" time="112.151" errors="0" timestamp="2026-02-17T11:07:02 GST" skipped="0">
  <testcase classname="com.tests.Local_Transfer_TestSuite" name="verifyTransferBug" time="50.709"/>
  <testcase classname="com.tests.Local_Transfer_TestSuite" name="verifyTransferBug" time="61.442"/>
</testsuite> <!-- com.tests.Local_Transfer_TestSuite -->
