<?xml version="1.0" encoding="UTF-8"?>
<!-- Generated by org.testng.reporters.JUnitReportReporter -->
<testsuite hostname="LAPTOP-B822QI4Q" failures="0" tests="2" name="com.tests.TransferTest" time="58.701" errors="0" timestamp="2026-01-20T14:51:46 GST" skipped="0">
  <testcase classname="com.tests.TransferTest" name="testFullTransferCycle" time="26.412"/>
  <testcase classname="com.tests.TransferTest" name="testFullTransferCycle" time="32.289"/>
</testsuite> <!-- com.tests.TransferTest -->
